<?xml version="1.0" encoding="UTF-8"?>
<testsuite name="net.nemerosa.ontrack.common.UtilsTest" tests="9" skipped="0" failures="0" errors="0" timestamp="2022-05-04T09:45:21" hostname="host" time="0.059">
  <properties/>
  <testcase name="safeRegexMatch_null" classname="net.nemerosa.ontrack.common.UtilsTest" time="0.054"/>
  <testcase name="safeRegexMatch_correct" classname="net.nemerosa.ontrack.common.UtilsTest" time="0.0"/>
  <testcase name="safeRegexMatch_blank" classname="net.nemerosa.ontrack.common.UtilsTest" time="0.0"/>
  <testcase name="safeRegexMatch_empty" classname="net.nemerosa.ontrack.common.UtilsTest" time="0.0"/>
  <testcase name="asList_null" classname="net.nemerosa.ontrack.common.UtilsTest" time="0.0"/>
  <testcase name="safeRegexMatch_incorrect" classname="net.nemerosa.ontrack.common.UtilsTest" time="0.0"/>
  <testcase name="asList_blank" classname="net.nemerosa.ontrack.common.UtilsTest" time="0.001"/>
  <testcase name="asList_one" classname="net.nemerosa.ontrack.common.UtilsTest" time="0.003"/>
  <testcase name="asList_two" classname="net.nemerosa.ontrack.common.UtilsTest" time="0.0"/>
  <system-out><![CDATA[]]></system-out>
  <system-err><![CDATA[]]></system-err>
</testsuite>
