<?xml version="1.0" encoding="UTF-8"?>
<testsuite name="net.nemerosa.ontrack.common.VersionTest" tests="17" skipped="0" failures="1" errors="0" timestamp="2022-05-04T10:09:50" hostname="host" time="0.016">
  <properties/>
  <testcase name="defaultVersion" classname="net.nemerosa.ontrack.common.VersionTest" time="0.001"/>
  <testcase name="three_digits" classname="net.nemerosa.ontrack.common.VersionTest" time="0.0"/>
  <testcase name="four_digits" classname="net.nemerosa.ontrack.common.VersionTest" time="0.001"/>
  <testcase name="validity" classname="net.nemerosa.ontrack.common.VersionTest" time="0.0"/>
  <testcase name="compareOnMajor" classname="net.nemerosa.ontrack.common.VersionTest" time="0.002"/>
  <testcase name="compareOnMinor" classname="net.nemerosa.ontrack.common.VersionTest" time="0.0"/>
  <testcase name="compareOnPatch" classname="net.nemerosa.ontrack.common.VersionTest" time="0.0"/>
  <testcase name="compareOnEquality" classname="net.nemerosa.ontrack.common.VersionTest" time="0.0"/>
  <testcase name="blank_string" classname="net.nemerosa.ontrack.common.VersionTest" time="0.001"/>
  <testcase name="two_digits" classname="net.nemerosa.ontrack.common.VersionTest" time="0.0"/>
  <testcase name="none" classname="net.nemerosa.ontrack.common.VersionTest" time="0.006"/>
  <testcase name="empty_string" classname="net.nemerosa.ontrack.common.VersionTest" time="0.0"/>
  <testcase name="default_version" classname="net.nemerosa.ontrack.common.VersionTest" time="0.002">
    <failure message="org.opentest4j.AssertionFailedError: expected: &lt;0.0.0&gt; but was: &lt;0.0.1&gt;" type="org.opentest4j.AssertionFailedError">org.opentest4j.AssertionFailedError: expected: &lt;0.0.0&gt; but was: &lt;0.0.1&gt;
      at org.junit.jupiter.api.AssertionUtils.fail(AssertionUtils.java:55)
      at org.junit.jupiter.api.AssertionUtils.failNotEqual(AssertionUtils.java:62)
      at org.junit.jupiter.api.AssertEquals.assertEquals(AssertEquals.java:182)
      at org.junit.jupiter.api.Assertions.assertEquals(Assertions.java:1152)
      at kotlin.test.junit5.JUnit5Asserter.assertEquals(JUnitSupport.kt:32)
      at kotlin.test.AssertionsKt__AssertionsKt.assertEquals(Assertions.kt:63)
      at kotlin.test.AssertionsKt.assertEquals(Unknown Source)
      at kotlin.test.AssertionsKt__AssertionsKt.assertEquals$default(Assertions.kt:62)
      at kotlin.test.AssertionsKt.assertEquals$default(Unknown Source)
      at net.nemerosa.ontrack.common.VersionTest.default_version(VersionTest.kt:85)
      at java.base/jdk.internal.reflect.NativeMethodAccessorImpl.invoke0(Native Method)
      at java.base/jdk.internal.reflect.NativeMethodAccessorImpl.invoke(NativeMethodAccessorImpl.java:62)
      at java.base/jdk.internal.reflect.DelegatingMethodAccessorImpl.invoke(DelegatingMethodAccessorImpl.java:43)
      at java.base/java.lang.reflect.Method.invoke(Method.java:566)
      at org.junit.runners.model.FrameworkMethod$1.runReflectiveCall(FrameworkMethod.java:59)
      at org.junit.internal.runners.model.ReflectiveCallable.run(ReflectiveCallable.java:12)
      at org.junit.runners.model.FrameworkMethod.invokeExplosively(FrameworkMethod.java:56)
      at org.junit.internal.runners.statements.InvokeMethod.evaluate(InvokeMethod.java:17)
      at org.junit.runners.ParentRunner$3.evaluate(ParentRunner.java:306)
      at org.junit.runners.BlockJUnit4ClassRunner$1.evaluate(BlockJUnit4ClassRunner.java:100)
      at org.junit.runners.ParentRunner.runLeaf(ParentRunner.java:366)
      at org.junit.runners.BlockJUnit4ClassRunner.runChild(BlockJUnit4ClassRunner.java:103)
      at org.junit.runners.BlockJUnit4ClassRunner.runChild(BlockJUnit4ClassRunner.java:63)
      at org.junit.runners.ParentRunner$4.run(ParentRunner.java:331)
      at org.junit.runners.ParentRunner$1.schedule(ParentRunner.java:79)
      at org.junit.runners.ParentRunner.runChildren(ParentRunner.java:329)
      at org.junit.runners.ParentRunner.access$100(ParentRunner.java:66)
      at org.junit.runners.ParentRunner$2.evaluate(ParentRunner.java:293)
      at org.junit.runners.ParentRunner$3.evaluate(ParentRunner.java:306)
      at org.junit.runners.ParentRunner.run(ParentRunner.java:413)
      at org.junit.runner.JUnitCore.run(JUnitCore.java:137)
      at org.junit.runner.JUnitCore.run(JUnitCore.java:115)
      at org.junit.vintage.engine.execution.RunnerExecutor.execute(RunnerExecutor.java:42)
      at org.junit.vintage.engine.VintageTestEngine.executeAllChildren(VintageTestEngine.java:80)
      at org.junit.vintage.engine.VintageTestEngine.execute(VintageTestEngine.java:72)
      at org.junit.platform.launcher.core.EngineExecutionOrchestrator.execute(EngineExecutionOrchestrator.java:108)
      at org.junit.platform.launcher.core.EngineExecutionOrchestrator.execute(EngineExecutionOrchestrator.java:88)
      at org.junit.platform.launcher.core.EngineExecutionOrchestrator.lambda$execute$0(EngineExecutionOrchestrator.java:54)
      at org.junit.platform.launcher.core.EngineExecutionOrchestrator.withInterceptedStreams(EngineExecutionOrchestrator.java:67)
      at org.junit.platform.launcher.core.EngineExecutionOrchestrator.execute(EngineExecutionOrchestrator.java:52)
      at org.junit.platform.launcher.core.DefaultLauncher.execute(DefaultLauncher.java:96)
      at org.junit.platform.launcher.core.DefaultLauncher.execute(DefaultLauncher.java:75)
      at org.gradle.api.internal.tasks.testing.junitplatform.JUnitPlatformTestClassProcessor$CollectAllTestClassesExecutor.processAllTestClasses(JUnitPlatformTestClassProcessor.java:99)
      at org.gradle.api.internal.tasks.testing.junitplatform.JUnitPlatformTestClassProcessor$CollectAllTestClassesExecutor.access$000(JUnitPlatformTestClassProcessor.java:79)
      at org.gradle.api.internal.tasks.testing.junitplatform.JUnitPlatformTestClassProcessor.stop(JUnitPlatformTestClassProcessor.java:75)
      at org.gradle.api.internal.tasks.testing.SuiteTestClassProcessor.stop(SuiteTestClassProcessor.java:61)
      at java.base/jdk.internal.reflect.NativeMethodAccessorImpl.invoke0(Native Method)
      at java.base/jdk.internal.reflect.NativeMethodAccessorImpl.invoke(NativeMethodAccessorImpl.java:62)
      at java.base/jdk.internal.reflect.DelegatingMethodAccessorImpl.invoke(DelegatingMethodAccessorImpl.java:43)
      at java.base/java.lang.reflect.Method.invoke(Method.java:566)
      at org.gradle.internal.dispatch.ReflectionDispatch.dispatch(ReflectionDispatch.java:36)
      at org.gradle.internal.dispatch.ReflectionDispatch.dispatch(ReflectionDispatch.java:24)
      at org.gradle.internal.dispatch.ContextClassLoaderDispatch.dispatch(ContextClassLoaderDispatch.java:33)
      at org.gradle.internal.dispatch.ProxyDispatchAdapter$DispatchingInvocationHandler.invoke(ProxyDispatchAdapter.java:94)
      at com.sun.proxy.$Proxy2.stop(Unknown Source)
      at org.gradle.api.internal.tasks.testing.worker.TestWorker.stop(TestWorker.java:133)
      at java.base/jdk.internal.reflect.NativeMethodAccessorImpl.invoke0(Native Method)
      at java.base/jdk.internal.reflect.NativeMethodAccessorImpl.invoke(NativeMethodAccessorImpl.java:62)
      at java.base/jdk.internal.reflect.DelegatingMethodAccessorImpl.invoke(DelegatingMethodAccessorImpl.java:43)
      at java.base/java.lang.reflect.Method.invoke(Method.java:566)
      at org.gradle.internal.dispatch.ReflectionDispatch.dispatch(ReflectionDispatch.java:36)
      at org.gradle.internal.dispatch.ReflectionDispatch.dispatch(ReflectionDispatch.java:24)
      at org.gradle.internal.remote.internal.hub.MessageHubBackedObjectConnection$DispatchWrapper.dispatch(MessageHubBackedObjectConnection.java:182)
      at org.gradle.internal.remote.internal.hub.MessageHubBackedObjectConnection$DispatchWrapper.dispatch(MessageHubBackedObjectConnection.java:164)
      at org.gradle.internal.remote.internal.hub.MessageHub$Handler.run(MessageHub.java:414)
      at org.gradle.internal.concurrent.ExecutorPolicy$CatchAndRecordFailures.onExecute(ExecutorPolicy.java:64)
      at org.gradle.internal.concurrent.ManagedExecutorImpl$1.run(ManagedExecutorImpl.java:48)
      at java.base/java.util.concurrent.ThreadPoolExecutor.runWorker(ThreadPoolExecutor.java:1128)
      at java.base/java.util.concurrent.ThreadPoolExecutor$Worker.run(ThreadPoolExecutor.java:628)
      at org.gradle.internal.concurrent.ThreadFactoryImpl$ManagedThreadRunnable.run(ThreadFactoryImpl.java:56)
      at java.base/java.lang.Thread.run(Thread.java:829)
    </failure>
  </testcase>
  <testcase name="wrong_version_format" classname="net.nemerosa.ontrack.common.VersionTest" time="0.0"/>
  <testcase name="null_string" classname="net.nemerosa.ontrack.common.VersionTest" time="0.0"/>
  <testcase name="toStringValue" classname="net.nemerosa.ontrack.common.VersionTest" time="0.001"/>
  <testcase name="one_digit" classname="net.nemerosa.ontrack.common.VersionTest" time="0.0"/>
  <system-out><![CDATA[]]></system-out>
  <system-err><![CDATA[]]></system-err>
</testsuite>
